2024-01-17 09:13:51,010 [Worker-5: Loading available Gradle versions] INFO  o.e.b.c.i.u.g.PublishedGradleVersions - Gradle version information cache is up-to-date. Trying to read.
2024-01-17 09:28:13,012 [Worker-2: Loading available Gradle versions] INFO  o.e.b.c.i.u.g.PublishedGradleVersions - Gradle version information cache is up-to-date. Trying to read.
2024-01-22 08:13:01,019 [Worker-6: Loading available Gradle versions] INFO  o.e.b.c.i.u.g.PublishedGradleVersions - Gradle version information cache is out-of-date. Trying to update.
2024-01-24 08:14:47,194 [Worker-2: Loading available Gradle versions] INFO  o.e.b.c.i.u.g.PublishedGradleVersions - Gradle version information cache is out-of-date. Trying to update.
2024-01-26 10:24:16,012 [Worker-5: Loading available Gradle versions] INFO  o.e.b.c.i.u.g.PublishedGradleVersions - Gradle version information cache is up-to-date. Trying to read.
2024-01-29 09:48:36,682 [Worker-0: Loading available Gradle versions] INFO  o.e.b.c.i.u.g.PublishedGradleVersions - Gradle version information cache is out-of-date. Trying to update.
2024-01-31 09:49:41,245 [Worker-5: Loading available Gradle versions] INFO  o.e.b.c.i.u.g.PublishedGradleVersions - Gradle version information cache is out-of-date. Trying to update.
2024-02-02 09:37:46,418 [Worker-5: Loading available Gradle versions] INFO  o.e.b.c.i.u.g.PublishedGradleVersions - Gradle version information cache is up-to-date. Trying to read.
2024-02-05 09:50:06,738 [Worker-2: Loading available Gradle versions] INFO  o.e.b.c.i.u.g.PublishedGradleVersions - Gradle version information cache is out-of-date. Trying to update.
2024-02-07 09:37:33,051 [Worker-4: Loading available Gradle versions] INFO  o.e.b.c.i.u.g.PublishedGradleVersions - Gradle version information cache is out-of-date. Trying to update.
2024-02-09 09:35:25,118 [Worker-2: Loading available Gradle versions] INFO  o.e.b.c.i.u.g.PublishedGradleVersions - Gradle version information cache is out-of-date. Trying to update.
2024-02-09 10:15:23,441 [Worker-1: Loading available Gradle versions] INFO  o.e.b.c.i.u.g.PublishedGradleVersions - Gradle version information cache is up-to-date. Trying to read.
2024-02-12 09:42:04,124 [Worker-4: Loading available Gradle versions] INFO  o.e.b.c.i.u.g.PublishedGradleVersions - Gradle version information cache is out-of-date. Trying to update.
2024-02-14 09:57:47,609 [Worker-7: Loading available Gradle versions] INFO  o.e.b.c.i.u.g.PublishedGradleVersions - Gradle version information cache is up-to-date. Trying to read.
2024-02-14 09:59:06,520 [Worker-22: https://cdn.spring.io/spring-tools/release/TOOLS/sts4/update/e4.31/compositeContent.jar] INFO  o.a.h.c.h.i.c.HttpRequestRetryExec - Recoverable I/O exception (org.apache.hc.core5.http.NoHttpResponseException) caught when processing request to {s}->https://cdn.spring.io:443
2024-02-14 10:04:18,376 [Worker-16: Launching mavenrun-ba41a5bd-1182-49e1-90e9-fb432874bb72] INFO  o.eclipse.m2e.core.internal.Bundles - getClasspathEntries(Bundle=org.eclipse.m2e.maven.runtime_3.9.100.20230519-1558 [613])
2024-02-14 10:04:18,379 [Worker-16: Launching mavenrun-ba41a5bd-1182-49e1-90e9-fb432874bb72] INFO  o.eclipse.m2e.core.internal.Bundles - 	Entry: C:\Users\jay-pc\.p2\pool\plugins\org.eclipse.m2e.maven.runtime_3.9.100.20230519-1558
2024-02-14 10:04:18,380 [Worker-16: Launching mavenrun-ba41a5bd-1182-49e1-90e9-fb432874bb72] INFO  o.eclipse.m2e.core.internal.Bundles - 	Entry: C:\Users\jay-pc\.p2\pool\plugins\org.eclipse.m2e.maven.runtime_3.9.100.20230519-1558\jars\aether-connector-okhttp-0.17.8.jar
2024-02-14 10:04:18,380 [Worker-16: Launching mavenrun-ba41a5bd-1182-49e1-90e9-fb432874bb72] INFO  o.eclipse.m2e.core.internal.Bundles - 	Entry: C:\Users\jay-pc\.p2\pool\plugins\org.eclipse.m2e.maven.runtime_3.9.100.20230519-1558\jars\aopalliance-1.0.jar
2024-02-14 10:04:18,380 [Worker-16: Launching mavenrun-ba41a5bd-1182-49e1-90e9-fb432874bb72] INFO  o.eclipse.m2e.core.internal.Bundles - 	Entry: C:\Users\jay-pc\.p2\pool\plugins\org.eclipse.m2e.maven.runtime_3.9.100.20230519-1558\jars\commons-lang3-3.8.1.jar
2024-02-14 10:04:18,381 [Worker-16: Launching mavenrun-ba41a5bd-1182-49e1-90e9-fb432874bb72] INFO  o.eclipse.m2e.core.internal.Bundles - 	Entry: C:\Users\jay-pc\.p2\pool\plugins\org.eclipse.m2e.maven.runtime_3.9.100.20230519-1558\jars\failureaccess-1.0.1.jar
2024-02-14 10:04:18,381 [Worker-16: Launching mavenrun-ba41a5bd-1182-49e1-90e9-fb432874bb72] INFO  o.eclipse.m2e.core.internal.Bundles - 	Entry: C:\Users\jay-pc\.p2\pool\plugins\org.eclipse.m2e.maven.runtime_3.9.100.20230519-1558\jars\guava-30.1-jre.jar
2024-02-14 10:04:18,381 [Worker-16: Launching mavenrun-ba41a5bd-1182-49e1-90e9-fb432874bb72] INFO  o.eclipse.m2e.core.internal.Bundles - 	Entry: C:\Users\jay-pc\.p2\pool\plugins\org.eclipse.m2e.maven.runtime_3.9.100.20230519-1558\jars\guice-5.1.0.jar
2024-02-14 10:04:18,381 [Worker-16: Launching mavenrun-ba41a5bd-1182-49e1-90e9-fb432874bb72] INFO  o.eclipse.m2e.core.internal.Bundles - 	Entry: C:\Users\jay-pc\.p2\pool\plugins\org.eclipse.m2e.maven.runtime_3.9.100.20230519-1558\jars\jansi-2.4.0.jar
2024-02-14 10:04:18,381 [Worker-16: Launching mavenrun-ba41a5bd-1182-49e1-90e9-fb432874bb72] INFO  o.eclipse.m2e.core.internal.Bundles - 	Entry: C:\Users\jay-pc\.p2\pool\plugins\org.eclipse.m2e.maven.runtime_3.9.100.20230519-1558\jars\maven-artifact-3.9.1.jar
2024-02-14 10:04:18,382 [Worker-16: Launching mavenrun-ba41a5bd-1182-49e1-90e9-fb432874bb72] INFO  o.eclipse.m2e.core.internal.Bundles - 	Entry: C:\Users\jay-pc\.p2\pool\plugins\org.eclipse.m2e.maven.runtime_3.9.100.20230519-1558\jars\maven-builder-support-3.9.1.jar
2024-02-14 10:04:18,382 [Worker-16: Launching mavenrun-ba41a5bd-1182-49e1-90e9-fb432874bb72] INFO  o.eclipse.m2e.core.internal.Bundles - 	Entry: C:\Users\jay-pc\.p2\pool\plugins\org.eclipse.m2e.maven.runtime_3.9.100.20230519-1558\jars\maven-compat-3.9.1.jar
2024-02-14 10:04:18,382 [Worker-16: Launching mavenrun-ba41a5bd-1182-49e1-90e9-fb432874bb72] INFO  o.eclipse.m2e.core.internal.Bundles - 	Entry: C:\Users\jay-pc\.p2\pool\plugins\org.eclipse.m2e.maven.runtime_3.9.100.20230519-1558\jars\maven-core-3.9.1.jar
2024-02-14 10:04:18,382 [Worker-16: Launching mavenrun-ba41a5bd-1182-49e1-90e9-fb432874bb72] INFO  o.eclipse.m2e.core.internal.Bundles - 	Entry: C:\Users\jay-pc\.p2\pool\plugins\org.eclipse.m2e.maven.runtime_3.9.100.20230519-1558\jars\maven-embedder-3.9.1.jar
2024-02-14 10:04:18,382 [Worker-16: Launching mavenrun-ba41a5bd-1182-49e1-90e9-fb432874bb72] INFO  o.eclipse.m2e.core.internal.Bundles - 	Entry: C:\Users\jay-pc\.p2\pool\plugins\org.eclipse.m2e.maven.runtime_3.9.100.20230519-1558\jars\maven-model-3.9.1.jar
2024-02-14 10:04:18,382 [Worker-16: Launching mavenrun-ba41a5bd-1182-49e1-90e9-fb432874bb72] INFO  o.eclipse.m2e.core.internal.Bundles - 	Entry: C:\Users\jay-pc\.p2\pool\plugins\org.eclipse.m2e.maven.runtime_3.9.100.20230519-1558\jars\maven-model-builder-3.9.1.jar
2024-02-14 10:04:18,383 [Worker-16: Launching mavenrun-ba41a5bd-1182-49e1-90e9-fb432874bb72] INFO  o.eclipse.m2e.core.internal.Bundles - 	Entry: C:\Users\jay-pc\.p2\pool\plugins\org.eclipse.m2e.maven.runtime_3.9.100.20230519-1558\jars\maven-plugin-api-3.9.1.jar
2024-02-14 10:04:18,383 [Worker-16: Launching mavenrun-ba41a5bd-1182-49e1-90e9-fb432874bb72] INFO  o.eclipse.m2e.core.internal.Bundles - 	Entry: C:\Users\jay-pc\.p2\pool\plugins\org.eclipse.m2e.maven.runtime_3.9.100.20230519-1558\jars\maven-repository-metadata-3.9.1.jar
2024-02-14 10:04:18,383 [Worker-16: Launching mavenrun-ba41a5bd-1182-49e1-90e9-fb432874bb72] INFO  o.eclipse.m2e.core.internal.Bundles - 	Entry: C:\Users\jay-pc\.p2\pool\plugins\org.eclipse.m2e.maven.runtime_3.9.100.20230519-1558\jars\maven-resolver-api-1.9.7.jar
2024-02-14 10:04:18,383 [Worker-16: Launching mavenrun-ba41a5bd-1182-49e1-90e9-fb432874bb72] INFO  o.eclipse.m2e.core.internal.Bundles - 	Entry: C:\Users\jay-pc\.p2\pool\plugins\org.eclipse.m2e.maven.runtime_3.9.100.20230519-1558\jars\maven-resolver-connector-basic-1.9.7.jar
2024-02-14 10:04:18,383 [Worker-16: Launching mavenrun-ba41a5bd-1182-49e1-90e9-fb432874bb72] INFO  o.eclipse.m2e.core.internal.Bundles - 	Entry: C:\Users\jay-pc\.p2\pool\plugins\org.eclipse.m2e.maven.runtime_3.9.100.20230519-1558\jars\maven-resolver-impl-1.9.7.jar
2024-02-14 10:04:18,383 [Worker-16: Launching mavenrun-ba41a5bd-1182-49e1-90e9-fb432874bb72] INFO  o.eclipse.m2e.core.internal.Bundles - 	Entry: C:\Users\jay-pc\.p2\pool\plugins\org.eclipse.m2e.maven.runtime_3.9.100.20230519-1558\jars\maven-resolver-named-locks-1.9.7.jar
2024-02-14 10:04:18,383 [Worker-16: Launching mavenrun-ba41a5bd-1182-49e1-90e9-fb432874bb72] INFO  o.eclipse.m2e.core.internal.Bundles - 	Entry: C:\Users\jay-pc\.p2\pool\plugins\org.eclipse.m2e.maven.runtime_3.9.100.20230519-1558\jars\maven-resolver-provider-3.9.1.jar
2024-02-14 10:04:18,383 [Worker-16: Launching mavenrun-ba41a5bd-1182-49e1-90e9-fb432874bb72] INFO  o.eclipse.m2e.core.internal.Bundles - 	Entry: C:\Users\jay-pc\.p2\pool\plugins\org.eclipse.m2e.maven.runtime_3.9.100.20230519-1558\jars\maven-resolver-spi-1.9.7.jar
2024-02-14 10:04:18,384 [Worker-16: Launching mavenrun-ba41a5bd-1182-49e1-90e9-fb432874bb72] INFO  o.eclipse.m2e.core.internal.Bundles - 	Entry: C:\Users\jay-pc\.p2\pool\plugins\org.eclipse.m2e.maven.runtime_3.9.100.20230519-1558\jars\maven-resolver-transport-wagon-1.9.7.jar
2024-02-14 10:04:18,384 [Worker-16: Launching mavenrun-ba41a5bd-1182-49e1-90e9-fb432874bb72] INFO  o.eclipse.m2e.core.internal.Bundles - 	Entry: C:\Users\jay-pc\.p2\pool\plugins\org.eclipse.m2e.maven.runtime_3.9.100.20230519-1558\jars\maven-resolver-util-1.9.7.jar
2024-02-14 10:04:18,384 [Worker-16: Launching mavenrun-ba41a5bd-1182-49e1-90e9-fb432874bb72] INFO  o.eclipse.m2e.core.internal.Bundles - 	Entry: C:\Users\jay-pc\.p2\pool\plugins\org.eclipse.m2e.maven.runtime_3.9.100.20230519-1558\jars\maven-settings-3.9.1.jar
2024-02-14 10:04:18,384 [Worker-16: Launching mavenrun-ba41a5bd-1182-49e1-90e9-fb432874bb72] INFO  o.eclipse.m2e.core.internal.Bundles - 	Entry: C:\Users\jay-pc\.p2\pool\plugins\org.eclipse.m2e.maven.runtime_3.9.100.20230519-1558\jars\maven-settings-builder-3.9.1.jar
2024-02-14 10:04:18,384 [Worker-16: Launching mavenrun-ba41a5bd-1182-49e1-90e9-fb432874bb72] INFO  o.eclipse.m2e.core.internal.Bundles - 	Entry: C:\Users\jay-pc\.p2\pool\plugins\org.eclipse.m2e.maven.runtime_3.9.100.20230519-1558\jars\maven-shared-utils-3.3.4.jar
2024-02-14 10:04:18,384 [Worker-16: Launching mavenrun-ba41a5bd-1182-49e1-90e9-fb432874bb72] INFO  o.eclipse.m2e.core.internal.Bundles - 	Entry: C:\Users\jay-pc\.p2\pool\plugins\org.eclipse.m2e.maven.runtime_3.9.100.20230519-1558\jars\okhttp-3.14.1.jar
2024-02-14 10:04:18,384 [Worker-16: Launching mavenrun-ba41a5bd-1182-49e1-90e9-fb432874bb72] INFO  o.eclipse.m2e.core.internal.Bundles - 	Entry: C:\Users\jay-pc\.p2\pool\plugins\org.eclipse.m2e.maven.runtime_3.9.100.20230519-1558\jars\okio-1.17.3.jar
2024-02-14 10:04:18,384 [Worker-16: Launching mavenrun-ba41a5bd-1182-49e1-90e9-fb432874bb72] INFO  o.eclipse.m2e.core.internal.Bundles - 	Entry: C:\Users\jay-pc\.p2\pool\plugins\org.eclipse.m2e.maven.runtime_3.9.100.20230519-1558\jars\org.eclipse.sisu.inject-0.3.5.jar
2024-02-14 10:04:18,385 [Worker-16: Launching mavenrun-ba41a5bd-1182-49e1-90e9-fb432874bb72] INFO  o.eclipse.m2e.core.internal.Bundles - 	Entry: C:\Users\jay-pc\.p2\pool\plugins\org.eclipse.m2e.maven.runtime_3.9.100.20230519-1558\jars\org.eclipse.sisu.plexus-0.3.5.jar
2024-02-14 10:04:18,385 [Worker-16: Launching mavenrun-ba41a5bd-1182-49e1-90e9-fb432874bb72] INFO  o.eclipse.m2e.core.internal.Bundles - 	Entry: C:\Users\jay-pc\.p2\pool\plugins\org.eclipse.m2e.maven.runtime_3.9.100.20230519-1558\jars\plexus-build-api-0.0.7.jar
2024-02-14 10:04:18,385 [Worker-16: Launching mavenrun-ba41a5bd-1182-49e1-90e9-fb432874bb72] INFO  o.eclipse.m2e.core.internal.Bundles - 	Entry: C:\Users\jay-pc\.p2\pool\plugins\org.eclipse.m2e.maven.runtime_3.9.100.20230519-1558\jars\plexus-cipher-2.0.jar
2024-02-14 10:04:18,385 [Worker-16: Launching mavenrun-ba41a5bd-1182-49e1-90e9-fb432874bb72] INFO  o.eclipse.m2e.core.internal.Bundles - 	Entry: C:\Users\jay-pc\.p2\pool\plugins\org.eclipse.m2e.maven.runtime_3.9.100.20230519-1558\jars\plexus-classworlds-2.6.0.jar
2024-02-14 10:04:18,385 [Worker-16: Launching mavenrun-ba41a5bd-1182-49e1-90e9-fb432874bb72] INFO  o.eclipse.m2e.core.internal.Bundles - 	Entry: C:\Users\jay-pc\.p2\pool\plugins\org.eclipse.m2e.maven.runtime_3.9.100.20230519-1558\jars\plexus-component-annotations-2.1.0.jar
2024-02-14 10:04:18,385 [Worker-16: Launching mavenrun-ba41a5bd-1182-49e1-90e9-fb432874bb72] INFO  o.eclipse.m2e.core.internal.Bundles - 	Entry: C:\Users\jay-pc\.p2\pool\plugins\org.eclipse.m2e.maven.runtime_3.9.100.20230519-1558\jars\plexus-interpolation-1.26.jar
2024-02-14 10:04:18,385 [Worker-16: Launching mavenrun-ba41a5bd-1182-49e1-90e9-fb432874bb72] INFO  o.eclipse.m2e.core.internal.Bundles - 	Entry: C:\Users\jay-pc\.p2\pool\plugins\org.eclipse.m2e.maven.runtime_3.9.100.20230519-1558\jars\plexus-sec-dispatcher-2.0.jar
2024-02-14 10:04:18,386 [Worker-16: Launching mavenrun-ba41a5bd-1182-49e1-90e9-fb432874bb72] INFO  o.eclipse.m2e.core.internal.Bundles - 	Entry: C:\Users\jay-pc\.p2\pool\plugins\org.eclipse.m2e.maven.runtime_3.9.100.20230519-1558\jars\plexus-utils-3.5.1.jar
2024-02-14 10:04:18,386 [Worker-16: Launching mavenrun-ba41a5bd-1182-49e1-90e9-fb432874bb72] INFO  o.eclipse.m2e.core.internal.Bundles - 	Entry: C:\Users\jay-pc\.p2\pool\plugins\org.eclipse.m2e.maven.runtime_3.9.100.20230519-1558\jars\wagon-file-3.5.3.jar
2024-02-14 10:04:18,386 [Worker-16: Launching mavenrun-ba41a5bd-1182-49e1-90e9-fb432874bb72] INFO  o.eclipse.m2e.core.internal.Bundles - 	Entry: C:\Users\jay-pc\.p2\pool\plugins\org.eclipse.m2e.maven.runtime_3.9.100.20230519-1558\jars\wagon-provider-api-3.5.3.jar
2024-02-14 10:04:18,387 [Worker-16: Launching mavenrun-ba41a5bd-1182-49e1-90e9-fb432874bb72] INFO  o.eclipse.m2e.core.internal.Bundles - getClasspathEntries(Bundle=com.google.guava_31.1.0.jre [13])
2024-02-14 10:04:18,388 [Worker-16: Launching mavenrun-ba41a5bd-1182-49e1-90e9-fb432874bb72] INFO  o.eclipse.m2e.core.internal.Bundles - 	Entry: C:\Users\jay-pc\.p2\pool\plugins\com.google.guava_31.1.0.jre.jar
2024-02-14 10:04:18,388 [Worker-16: Launching mavenrun-ba41a5bd-1182-49e1-90e9-fb432874bb72] INFO  o.eclipse.m2e.core.internal.Bundles - getClasspathEntries(Bundle=slf4j.api_1.7.36 [981])
2024-02-14 10:04:18,389 [Worker-16: Launching mavenrun-ba41a5bd-1182-49e1-90e9-fb432874bb72] INFO  o.eclipse.m2e.core.internal.Bundles - 	Entry: C:\Users\jay-pc\.p2\pool\plugins\slf4j.api_1.7.36.jar
2024-02-14 10:04:18,389 [Worker-16: Launching mavenrun-ba41a5bd-1182-49e1-90e9-fb432874bb72] INFO  o.eclipse.m2e.core.internal.Bundles - getClasspathEntries(Bundle=javax.inject_1.0.0.v20220405-0441 [37])
2024-02-14 10:04:18,390 [Worker-16: Launching mavenrun-ba41a5bd-1182-49e1-90e9-fb432874bb72] INFO  o.eclipse.m2e.core.internal.Bundles - 	Entry: C:\Users\jay-pc\.p2\pool\plugins\javax.inject_1.0.0.v20220405-0441.jar
2024-02-14 10:04:18,390 [Worker-16: Launching mavenrun-ba41a5bd-1182-49e1-90e9-fb432874bb72] INFO  o.eclipse.m2e.core.internal.Bundles - getClasspathEntries(Bundle=javax.annotation_1.3.5.v20230504-0748 [35])
2024-02-14 10:04:18,391 [Worker-16: Launching mavenrun-ba41a5bd-1182-49e1-90e9-fb432874bb72] INFO  o.eclipse.m2e.core.internal.Bundles - 	Entry: C:\Users\jay-pc\.p2\pool\plugins\javax.annotation_1.3.5.v20230504-0748.jar
2024-02-14 10:04:18,391 [Worker-16: Launching mavenrun-ba41a5bd-1182-49e1-90e9-fb432874bb72] INFO  o.eclipse.m2e.core.internal.Bundles - getClasspathEntries(Bundle=org.apache.commons.cli_1.5.0 [69])
2024-02-14 10:04:18,391 [Worker-16: Launching mavenrun-ba41a5bd-1182-49e1-90e9-fb432874bb72] INFO  o.eclipse.m2e.core.internal.Bundles - 	Entry: C:\Users\jay-pc\.p2\pool\plugins\org.apache.commons.cli_1.5.0.jar
2024-02-14 10:04:18,391 [Worker-16: Launching mavenrun-ba41a5bd-1182-49e1-90e9-fb432874bb72] INFO  o.eclipse.m2e.core.internal.Bundles - getClasspathEntries(Bundle=com.google.guava.failureaccess_1.0.1 [14])
2024-02-14 10:04:18,392 [Worker-16: Launching mavenrun-ba41a5bd-1182-49e1-90e9-fb432874bb72] INFO  o.eclipse.m2e.core.internal.Bundles - 	Entry: C:\Users\jay-pc\.p2\pool\plugins\com.google.guava.failureaccess_1.0.1.jar
2024-02-14 10:04:18,394 [Worker-16: Launching mavenrun-ba41a5bd-1182-49e1-90e9-fb432874bb72] INFO  o.e.m.i.launch.MavenLaunchDelegate - Run build in "C:\Users\jay-pc\AppData\Local\Temp\m2e-archetypeGenerator16088021461570233773":
2024-02-14 10:04:18,397 [Worker-16: Launching mavenrun-ba41a5bd-1182-49e1-90e9-fb432874bb72] INFO  o.e.m.i.launch.MavenLaunchDelegate -  mvn  -DarchetypeGroupId=org.apache.maven.archetypes -DarchetypeArtifactId=maven-archetype-quickstart -DarchetypeVersion=1.1 -DgroupId=basic -DartifactId=Selenium_Learning -Dversion=0.0.1-SNAPSHOT -Dpackage=basic -DoutputDirectory="C:\Users\jay-pc\Seleniummm MWF 8-00 to 9-30" -Dstyle.color=always -U archetype:generate
2024-02-14 10:05:08,095 [Worker-31: Creating maven-archetype-quickstart] INFO  o.e.m.c.i.p.ProjectConfigurationManager - Collecting project info '/pom.xml' C:\Users\jay-pc\Seleniummm MWF 8-00 to 9-30\Selenium_Learning\pom.xml
2024-02-14 10:05:08,705 [Worker-31: Creating maven-archetype-quickstart] INFO  o.e.m.c.i.l.LifecycleMappingFactory - Using org.eclipse.m2e.jdt.JarLifecycleMapping lifecycle mapping for MavenProject: basic:Selenium_Learning:0.0.1-SNAPSHOT @ C:\Users\jay-pc\Seleniummm MWF 8-00 to 9-30\Selenium_Learning\pom.xml.
2024-02-14 10:05:09,178 [Worker-31: Creating maven-archetype-quickstart] INFO  o.e.m.j.i.AbstractJavaProjectConfigurator - Adding source folder /Selenium_Learning/src/main/java
2024-02-14 10:05:09,178 [Worker-31: Creating maven-archetype-quickstart] INFO  o.e.m.j.i.AbstractJavaProjectConfigurator - Adding resource folder /Selenium_Learning/src/main/resources
2024-02-14 10:05:09,182 [Worker-31: Creating maven-archetype-quickstart] INFO  o.e.m.j.i.AbstractJavaProjectConfigurator - Adding source folder /Selenium_Learning/src/test/java
2024-02-14 10:05:09,183 [Worker-31: Creating maven-archetype-quickstart] INFO  o.e.m.j.i.AbstractJavaProjectConfigurator - Adding resource folder /Selenium_Learning/src/test/resources
2024-02-14 10:05:09,265 [Worker-31: Creating maven-archetype-quickstart] INFO  o.e.m.c.i.p.ProjectConfigurationManager - Imported and configured 1 project(s) in 1 sec
2024-02-14 10:05:09,758 [Worker-1: Building] INFO  o.a.m.s.f.DefaultMavenResourcesFiltering - skip non existing resourceDirectory C:\Users\jay-pc\Seleniummm MWF 8-00 to 9-30\Selenium_Learning\src\main\resources
2024-02-14 10:05:09,762 [Worker-1: Building] INFO  o.a.m.s.f.DefaultMavenResourcesFiltering - skip non existing resourceDirectory C:\Users\jay-pc\Seleniummm MWF 8-00 to 9-30\Selenium_Learning\src\test\resources
2024-02-14 10:09:33,147 [Worker-31: Building] INFO  o.e.m.c.i.l.LifecycleMappingFactory - Using org.eclipse.m2e.jdt.JarLifecycleMapping lifecycle mapping for MavenProject: basic:Selenium_Learning:0.0.1-SNAPSHOT @ C:\Users\jay-pc\Seleniummm MWF 8-00 to 9-30\Selenium_Learning\pom.xml.
2024-02-14 10:09:33,471 [Worker-31: Building] INFO  o.a.m.s.f.DefaultMavenResourcesFiltering - skip non existing resourceDirectory C:\Users\jay-pc\Seleniummm MWF 8-00 to 9-30\Selenium_Learning\src\main\resources
2024-02-14 10:09:33,474 [Worker-31: Building] INFO  o.a.m.s.f.DefaultMavenResourcesFiltering - skip non existing resourceDirectory C:\Users\jay-pc\Seleniummm MWF 8-00 to 9-30\Selenium_Learning\src\test\resources
2024-02-14 10:10:11,717 [Worker-36: Updating Maven Project] INFO  o.e.m.c.i.p.ProjectConfigurationManager - Update started
2024-02-14 10:10:11,826 [Worker-36: Updating Maven Project] INFO  o.e.m.c.i.l.LifecycleMappingFactory - Using org.eclipse.m2e.jdt.JarLifecycleMapping lifecycle mapping for MavenProject: basic:Selenium_Learning:0.0.1-SNAPSHOT @ C:\Users\jay-pc\Seleniummm MWF 8-00 to 9-30\Selenium_Learning\pom.xml.
2024-02-14 10:10:12,183 [Worker-36: Updating Maven Project] INFO  o.e.m.j.i.AbstractJavaProjectConfigurator - Adding source folder /Selenium_Learning/src/main/java
2024-02-14 10:10:12,183 [Worker-36: Updating Maven Project] INFO  o.e.m.j.i.AbstractJavaProjectConfigurator - Adding resource folder /Selenium_Learning/src/main/resources
2024-02-14 10:10:12,183 [Worker-36: Updating Maven Project] INFO  o.e.m.j.i.AbstractJavaProjectConfigurator - Adding source folder /Selenium_Learning/src/test/java
2024-02-14 10:10:12,184 [Worker-36: Updating Maven Project] INFO  o.e.m.j.i.AbstractJavaProjectConfigurator - Adding resource folder /Selenium_Learning/src/test/resources
2024-02-14 10:10:12,336 [Worker-36: Updating Maven Project] INFO  o.e.m.c.i.p.ProjectConfigurationManager - Update completed for 1 poms: local refresh takes 0.00 sec, refresh facades takes 0.00 sec, update config takes 0.00 sec 
2024-02-14 10:10:12,490 [Worker-1: Building] INFO  o.a.m.s.f.DefaultMavenResourcesFiltering - skip non existing resourceDirectory C:\Users\jay-pc\Seleniummm MWF 8-00 to 9-30\Selenium_Learning\src\main\resources
2024-02-14 10:10:12,493 [Worker-1: Building] INFO  o.a.m.s.f.DefaultMavenResourcesFiltering - skip non existing resourceDirectory C:\Users\jay-pc\Seleniummm MWF 8-00 to 9-30\Selenium_Learning\src\test\resources
2024-02-14 10:11:29,089 [Worker-31: Building] INFO  o.a.m.s.f.DefaultMavenResourcesFiltering - skip non existing resourceDirectory C:\Users\jay-pc\Seleniummm MWF 8-00 to 9-30\Selenium_Learning\src\main\resources
2024-02-14 10:11:29,092 [Worker-31: Building] INFO  o.a.m.s.f.DefaultMavenResourcesFiltering - skip non existing resourceDirectory C:\Users\jay-pc\Seleniummm MWF 8-00 to 9-30\Selenium_Learning\src\test\resources
2024-02-14 10:11:36,950 [Worker-35: Building] INFO  o.a.m.s.f.DefaultMavenResourcesFiltering - skip non existing resourceDirectory C:\Users\jay-pc\Seleniummm MWF 8-00 to 9-30\Selenium_Learning\src\main\resources
2024-02-14 10:11:36,953 [Worker-35: Building] INFO  o.a.m.s.f.DefaultMavenResourcesFiltering - skip non existing resourceDirectory C:\Users\jay-pc\Seleniummm MWF 8-00 to 9-30\Selenium_Learning\src\test\resources
2024-02-14 10:29:00,068 [Worker-32: Building] INFO  o.a.m.s.f.DefaultMavenResourcesFiltering - skip non existing resourceDirectory C:\Users\jay-pc\Seleniummm MWF 8-00 to 9-30\Selenium_Learning\src\main\resources
2024-02-14 10:29:00,071 [Worker-32: Building] INFO  o.a.m.s.f.DefaultMavenResourcesFiltering - skip non existing resourceDirectory C:\Users\jay-pc\Seleniummm MWF 8-00 to 9-30\Selenium_Learning\src\test\resources
2024-02-14 10:29:22,778 [Worker-32: Building] INFO  o.a.m.s.f.DefaultMavenResourcesFiltering - skip non existing resourceDirectory C:\Users\jay-pc\Seleniummm MWF 8-00 to 9-30\Selenium_Learning\src\main\resources
2024-02-14 10:29:22,781 [Worker-32: Building] INFO  o.a.m.s.f.DefaultMavenResourcesFiltering - skip non existing resourceDirectory C:\Users\jay-pc\Seleniummm MWF 8-00 to 9-30\Selenium_Learning\src\test\resources
2024-02-14 10:32:04,548 [Worker-38: Building] INFO  o.a.m.s.f.DefaultMavenResourcesFiltering - skip non existing resourceDirectory C:\Users\jay-pc\Seleniummm MWF 8-00 to 9-30\Selenium_Learning\src\main\resources
2024-02-14 10:32:04,550 [Worker-38: Building] INFO  o.a.m.s.f.DefaultMavenResourcesFiltering - skip non existing resourceDirectory C:\Users\jay-pc\Seleniummm MWF 8-00 to 9-30\Selenium_Learning\src\test\resources
2024-02-14 10:32:49,933 [Worker-44: Building] INFO  o.a.m.s.f.DefaultMavenResourcesFiltering - skip non existing resourceDirectory C:\Users\jay-pc\Seleniummm MWF 8-00 to 9-30\Selenium_Learning\src\main\resources
2024-02-14 10:32:49,935 [Worker-44: Building] INFO  o.a.m.s.f.DefaultMavenResourcesFiltering - skip non existing resourceDirectory C:\Users\jay-pc\Seleniummm MWF 8-00 to 9-30\Selenium_Learning\src\test\resources
2024-02-14 10:33:20,876 [Worker-39: Building] INFO  o.a.m.s.f.DefaultMavenResourcesFiltering - skip non existing resourceDirectory C:\Users\jay-pc\Seleniummm MWF 8-00 to 9-30\Selenium_Learning\src\main\resources
2024-02-14 10:33:20,877 [Worker-39: Building] INFO  o.a.m.s.f.DefaultMavenResourcesFiltering - skip non existing resourceDirectory C:\Users\jay-pc\Seleniummm MWF 8-00 to 9-30\Selenium_Learning\src\test\resources
2024-02-14 10:33:24,599 [Worker-40: Building] INFO  o.a.m.s.f.DefaultMavenResourcesFiltering - skip non existing resourceDirectory C:\Users\jay-pc\Seleniummm MWF 8-00 to 9-30\Selenium_Learning\src\main\resources
2024-02-14 10:33:24,601 [Worker-40: Building] INFO  o.a.m.s.f.DefaultMavenResourcesFiltering - skip non existing resourceDirectory C:\Users\jay-pc\Seleniummm MWF 8-00 to 9-30\Selenium_Learning\src\test\resources
2024-02-14 10:37:25,270 [Worker-38: Building] INFO  o.a.m.s.f.DefaultMavenResourcesFiltering - skip non existing resourceDirectory C:\Users\jay-pc\Seleniummm MWF 8-00 to 9-30\Selenium_Learning\src\main\resources
2024-02-14 10:37:25,272 [Worker-38: Building] INFO  o.a.m.s.f.DefaultMavenResourcesFiltering - skip non existing resourceDirectory C:\Users\jay-pc\Seleniummm MWF 8-00 to 9-30\Selenium_Learning\src\test\resources
2024-02-14 10:37:37,732 [Worker-38: Building] INFO  o.a.m.s.f.DefaultMavenResourcesFiltering - skip non existing resourceDirectory C:\Users\jay-pc\Seleniummm MWF 8-00 to 9-30\Selenium_Learning\src\main\resources
2024-02-14 10:37:37,734 [Worker-38: Building] INFO  o.a.m.s.f.DefaultMavenResourcesFiltering - skip non existing resourceDirectory C:\Users\jay-pc\Seleniummm MWF 8-00 to 9-30\Selenium_Learning\src\test\resources
2024-02-14 10:38:14,612 [Worker-48: Building] INFO  o.a.m.s.f.DefaultMavenResourcesFiltering - skip non existing resourceDirectory C:\Users\jay-pc\Seleniummm MWF 8-00 to 9-30\Selenium_Learning\src\main\resources
2024-02-14 10:38:14,614 [Worker-48: Building] INFO  o.a.m.s.f.DefaultMavenResourcesFiltering - skip non existing resourceDirectory C:\Users\jay-pc\Seleniummm MWF 8-00 to 9-30\Selenium_Learning\src\test\resources
2024-02-14 10:38:37,330 [Worker-42: Building] INFO  o.a.m.s.f.DefaultMavenResourcesFiltering - skip non existing resourceDirectory C:\Users\jay-pc\Seleniummm MWF 8-00 to 9-30\Selenium_Learning\src\main\resources
2024-02-14 10:38:37,332 [Worker-42: Building] INFO  o.a.m.s.f.DefaultMavenResourcesFiltering - skip non existing resourceDirectory C:\Users\jay-pc\Seleniummm MWF 8-00 to 9-30\Selenium_Learning\src\test\resources
2024-02-14 10:38:50,094 [Worker-52: Building] INFO  o.a.m.s.f.DefaultMavenResourcesFiltering - skip non existing resourceDirectory C:\Users\jay-pc\Seleniummm MWF 8-00 to 9-30\Selenium_Learning\src\main\resources
2024-02-14 10:38:50,095 [Worker-52: Building] INFO  o.a.m.s.f.DefaultMavenResourcesFiltering - skip non existing resourceDirectory C:\Users\jay-pc\Seleniummm MWF 8-00 to 9-30\Selenium_Learning\src\test\resources
2024-02-14 10:39:04,087 [Worker-49: Building] INFO  o.a.m.s.f.DefaultMavenResourcesFiltering - skip non existing resourceDirectory C:\Users\jay-pc\Seleniummm MWF 8-00 to 9-30\Selenium_Learning\src\main\resources
2024-02-14 10:39:04,089 [Worker-49: Building] INFO  o.a.m.s.f.DefaultMavenResourcesFiltering - skip non existing resourceDirectory C:\Users\jay-pc\Seleniummm MWF 8-00 to 9-30\Selenium_Learning\src\test\resources
2024-02-14 10:39:14,712 [Worker-50: Building] INFO  o.a.m.s.f.DefaultMavenResourcesFiltering - skip non existing resourceDirectory C:\Users\jay-pc\Seleniummm MWF 8-00 to 9-30\Selenium_Learning\src\main\resources
2024-02-14 10:39:14,714 [Worker-50: Building] INFO  o.a.m.s.f.DefaultMavenResourcesFiltering - skip non existing resourceDirectory C:\Users\jay-pc\Seleniummm MWF 8-00 to 9-30\Selenium_Learning\src\test\resources
2024-02-14 10:40:10,109 [Worker-51: Building] INFO  o.a.m.s.f.DefaultMavenResourcesFiltering - skip non existing resourceDirectory C:\Users\jay-pc\Seleniummm MWF 8-00 to 9-30\Selenium_Learning\src\main\resources
2024-02-14 10:40:10,110 [Worker-51: Building] INFO  o.a.m.s.f.DefaultMavenResourcesFiltering - skip non existing resourceDirectory C:\Users\jay-pc\Seleniummm MWF 8-00 to 9-30\Selenium_Learning\src\test\resources
2024-02-14 10:41:40,536 [Worker-51: Building] INFO  o.a.m.s.f.DefaultMavenResourcesFiltering - skip non existing resourceDirectory C:\Users\jay-pc\Seleniummm MWF 8-00 to 9-30\Selenium_Learning\src\main\resources
2024-02-14 10:41:40,537 [Worker-51: Building] INFO  o.a.m.s.f.DefaultMavenResourcesFiltering - skip non existing resourceDirectory C:\Users\jay-pc\Seleniummm MWF 8-00 to 9-30\Selenium_Learning\src\test\resources
2024-02-14 10:42:08,535 [Worker-51: Building] INFO  o.a.m.s.f.DefaultMavenResourcesFiltering - skip non existing resourceDirectory C:\Users\jay-pc\Seleniummm MWF 8-00 to 9-30\Selenium_Learning\src\main\resources
2024-02-14 10:42:08,537 [Worker-51: Building] INFO  o.a.m.s.f.DefaultMavenResourcesFiltering - skip non existing resourceDirectory C:\Users\jay-pc\Seleniummm MWF 8-00 to 9-30\Selenium_Learning\src\test\resources
2024-02-14 10:44:46,241 [Worker-53: Building] INFO  o.a.m.s.f.DefaultMavenResourcesFiltering - skip non existing resourceDirectory C:\Users\jay-pc\Seleniummm MWF 8-00 to 9-30\Selenium_Learning\src\main\resources
2024-02-14 10:44:46,242 [Worker-53: Building] INFO  o.a.m.s.f.DefaultMavenResourcesFiltering - skip non existing resourceDirectory C:\Users\jay-pc\Seleniummm MWF 8-00 to 9-30\Selenium_Learning\src\test\resources
2024-02-14 10:45:45,136 [Worker-42: Building] INFO  o.a.m.s.f.DefaultMavenResourcesFiltering - skip non existing resourceDirectory C:\Users\jay-pc\Seleniummm MWF 8-00 to 9-30\Selenium_Learning\src\main\resources
2024-02-14 10:45:45,138 [Worker-42: Building] INFO  o.a.m.s.f.DefaultMavenResourcesFiltering - skip non existing resourceDirectory C:\Users\jay-pc\Seleniummm MWF 8-00 to 9-30\Selenium_Learning\src\test\resources
2024-02-14 10:46:35,964 [Worker-42: Building] INFO  o.a.m.s.f.DefaultMavenResourcesFiltering - skip non existing resourceDirectory C:\Users\jay-pc\Seleniummm MWF 8-00 to 9-30\Selenium_Learning\src\main\resources
2024-02-14 10:46:35,966 [Worker-42: Building] INFO  o.a.m.s.f.DefaultMavenResourcesFiltering - skip non existing resourceDirectory C:\Users\jay-pc\Seleniummm MWF 8-00 to 9-30\Selenium_Learning\src\test\resources
2024-02-14 10:46:53,533 [Worker-42: Building] INFO  o.a.m.s.f.DefaultMavenResourcesFiltering - skip non existing resourceDirectory C:\Users\jay-pc\Seleniummm MWF 8-00 to 9-30\Selenium_Learning\src\main\resources
2024-02-14 10:46:53,535 [Worker-42: Building] INFO  o.a.m.s.f.DefaultMavenResourcesFiltering - skip non existing resourceDirectory C:\Users\jay-pc\Seleniummm MWF 8-00 to 9-30\Selenium_Learning\src\test\resources
2024-02-14 10:47:11,568 [Worker-57: Building] INFO  o.a.m.s.f.DefaultMavenResourcesFiltering - skip non existing resourceDirectory C:\Users\jay-pc\Seleniummm MWF 8-00 to 9-30\Selenium_Learning\src\main\resources
2024-02-14 10:47:11,570 [Worker-57: Building] INFO  o.a.m.s.f.DefaultMavenResourcesFiltering - skip non existing resourceDirectory C:\Users\jay-pc\Seleniummm MWF 8-00 to 9-30\Selenium_Learning\src\test\resources
2024-02-14 10:47:13,775 [Worker-57: Building] INFO  o.a.m.s.f.DefaultMavenResourcesFiltering - skip non existing resourceDirectory C:\Users\jay-pc\Seleniummm MWF 8-00 to 9-30\Selenium_Learning\src\main\resources
2024-02-14 10:47:13,777 [Worker-57: Building] INFO  o.a.m.s.f.DefaultMavenResourcesFiltering - skip non existing resourceDirectory C:\Users\jay-pc\Seleniummm MWF 8-00 to 9-30\Selenium_Learning\src\test\resources
2024-02-14 10:49:47,342 [Worker-54: Building] INFO  o.a.m.s.f.DefaultMavenResourcesFiltering - skip non existing resourceDirectory C:\Users\jay-pc\Seleniummm MWF 8-00 to 9-30\Selenium_Learning\src\main\resources
2024-02-14 10:49:47,344 [Worker-54: Building] INFO  o.a.m.s.f.DefaultMavenResourcesFiltering - skip non existing resourceDirectory C:\Users\jay-pc\Seleniummm MWF 8-00 to 9-30\Selenium_Learning\src\test\resources
2024-02-14 10:50:01,557 [Worker-54: Building] INFO  o.a.m.s.f.DefaultMavenResourcesFiltering - skip non existing resourceDirectory C:\Users\jay-pc\Seleniummm MWF 8-00 to 9-30\Selenium_Learning\src\main\resources
2024-02-14 10:50:01,558 [Worker-54: Building] INFO  o.a.m.s.f.DefaultMavenResourcesFiltering - skip non existing resourceDirectory C:\Users\jay-pc\Seleniummm MWF 8-00 to 9-30\Selenium_Learning\src\test\resources
2024-02-14 10:50:35,992 [Worker-62: Building] INFO  o.a.m.s.f.DefaultMavenResourcesFiltering - skip non existing resourceDirectory C:\Users\jay-pc\Seleniummm MWF 8-00 to 9-30\Selenium_Learning\src\main\resources
2024-02-14 10:50:35,994 [Worker-62: Building] INFO  o.a.m.s.f.DefaultMavenResourcesFiltering - skip non existing resourceDirectory C:\Users\jay-pc\Seleniummm MWF 8-00 to 9-30\Selenium_Learning\src\test\resources
2024-02-14 10:50:55,699 [Worker-63: Building] INFO  o.a.m.s.f.DefaultMavenResourcesFiltering - skip non existing resourceDirectory C:\Users\jay-pc\Seleniummm MWF 8-00 to 9-30\Selenium_Learning\src\main\resources
2024-02-14 10:50:55,700 [Worker-63: Building] INFO  o.a.m.s.f.DefaultMavenResourcesFiltering - skip non existing resourceDirectory C:\Users\jay-pc\Seleniummm MWF 8-00 to 9-30\Selenium_Learning\src\test\resources
2024-02-14 10:52:17,796 [Worker-62: Building] INFO  o.a.m.s.f.DefaultMavenResourcesFiltering - skip non existing resourceDirectory C:\Users\jay-pc\Seleniummm MWF 8-00 to 9-30\Selenium_Learning\src\main\resources
2024-02-14 10:52:17,797 [Worker-62: Building] INFO  o.a.m.s.f.DefaultMavenResourcesFiltering - skip non existing resourceDirectory C:\Users\jay-pc\Seleniummm MWF 8-00 to 9-30\Selenium_Learning\src\test\resources
2024-02-14 10:52:29,781 [Worker-63: Building] INFO  o.a.m.s.f.DefaultMavenResourcesFiltering - skip non existing resourceDirectory C:\Users\jay-pc\Seleniummm MWF 8-00 to 9-30\Selenium_Learning\src\main\resources
2024-02-14 10:52:29,782 [Worker-63: Building] INFO  o.a.m.s.f.DefaultMavenResourcesFiltering - skip non existing resourceDirectory C:\Users\jay-pc\Seleniummm MWF 8-00 to 9-30\Selenium_Learning\src\test\resources
2024-02-14 10:55:09,480 [Worker-63: Building] INFO  o.e.m.c.i.l.LifecycleMappingFactory - Using org.eclipse.m2e.jdt.JarLifecycleMapping lifecycle mapping for MavenProject: basic:Selenium_Learning:0.0.1-SNAPSHOT @ C:\Users\jay-pc\Seleniummm MWF 8-00 to 9-30\Selenium_Learning\pom.xml.
2024-02-14 10:55:09,696 [Worker-63: Building] INFO  o.a.m.s.f.DefaultMavenResourcesFiltering - skip non existing resourceDirectory C:\Users\jay-pc\Seleniummm MWF 8-00 to 9-30\Selenium_Learning\src\main\resources
